<?xml version="1.0" encoding="UTF-8"?>
<!-- Generated by org.testng.reporters.JUnitXMLReporter -->
<testsuite ignored="0" hostname="DESKTOP-QVGHB33" failures="0" tests="6" name="Test Basics 1" time="63.532" errors="0" timestamp="2022-02-07T23:53:48 GMT">
  <testcase classname="uiTest.searchTestUI" name="testLoginUserSearchHistory" time="15.902"/>
  <testcase classname="uiTest.searchTestUI" name="testNextPageOfSearchPage" time="6.406"/>
  <testcase classname="uiTest.searchTestUI" name="testNoResultsPage" time="1.555"/>
  <testcase classname="uiTest.searchTestUI" name="testProductRelatedSearchSection" time="3.238"/>
  <testcase classname="uiTest.searchTestUI" name="testSearchBar_autoSuggestiontLength" time="0.984"/>
  <testcase classname="uiTest.searchTestUI" name="testSortSearchresults" time="4.8"/>
</testsuite> <!-- Test Basics 1 -->
